<?xml version="1.0" encoding="UTF-8" standalone="no"?>
<!DOCTYPE log SYSTEM "logger.dtd">
<log>
<record>
  <date>2019-11-20T10:29:05.933546400Z</date>
  <millis>1574245745933</millis>
  <nanos>546400</nanos>
  <sequence>0</sequence>
  <logger>ventanas.Ventana_ventas</logger>
  <level>INFO</level>
  <class>ventanas.Ventana_ventas$1</class>
  <method>stateChanged</method>
  <thread>17</thread>
  <message>Tab: Electrodomesticos</message>
</record>
<record>
  <date>2019-11-20T10:29:06.427576800Z</date>
  <millis>1574245746427</millis>
  <nanos>576800</nanos>
  <sequence>1</sequence>
  <logger>ventanas.Ventana_ventas</logger>
  <level>INFO</level>
  <class>ventanas.Ventana_ventas$1</class>
  <method>stateChanged</method>
  <thread>17</thread>
  <message>Tab: Ordenadores</message>
</record>
<record>
  <date>2019-11-20T10:29:06.881961600Z</date>
  <millis>1574245746881</millis>
  <nanos>961600</nanos>
  <sequence>2</sequence>
  <logger>ventanas.Ventana_ventas</logger>
  <level>INFO</level>
  <class>ventanas.Ventana_ventas$1</class>
  <method>stateChanged</method>
  <thread>17</thread>
  <message>Tab: Moviles</message>
</record>
<record>
  <date>2019-11-20T10:29:07.407321400Z</date>
  <millis>1574245747407</millis>
  <nanos>321400</nanos>
  <sequence>3</sequence>
  <logger>ventanas.Ventana_ventas</logger>
  <level>INFO</level>
  <class>ventanas.Ventana_ventas$1</class>
  <method>stateChanged</method>
  <thread>17</thread>
  <message>Tab: Ordenadores</message>
</record>
<record>
  <date>2019-11-20T10:29:08.325935300Z</date>
  <millis>1574245748325</millis>
  <nanos>935300</nanos>
  <sequence>4</sequence>
  <logger>ventanas.Ventana_ventas</logger>
  <level>INFO</level>
  <class>ventanas.Ventana_ventas$1</class>
  <method>stateChanged</method>
  <thread>17</thread>
  <message>Tab: Electrodomesticos</message>
</record>
<record>
  <date>2019-11-20T10:29:08.711398900Z</date>
  <millis>1574245748711</millis>
  <nanos>398900</nanos>
  <sequence>5</sequence>
  <logger>ventanas.Ventana_ventas</logger>
  <level>INFO</level>
  <class>ventanas.Ventana_ventas$1</class>
  <method>stateChanged</method>
  <thread>17</thread>
  <message>Tab: Ordenadores</message>
</record>
<record>
  <date>2019-11-20T10:29:16.734676700Z</date>
  <millis>1574245756734</millis>
  <nanos>676700</nanos>
  <sequence>6</sequence>
  <logger>ventanas.Ventana_ventas</logger>
  <level>INFO</level>
  <class>ventanas.Ventana_ventas$1</class>
  <method>stateChanged</method>
  <thread>17</thread>
  <message>Tab: Electrodomesticos</message>
</record>
<record>
  <date>2019-11-20T10:29:17.704368600Z</date>
  <millis>1574245757704</millis>
  <nanos>368600</nanos>
  <sequence>7</sequence>
  <logger>ventanas.Ventana_ventas</logger>
  <level>INFO</level>
  <class>ventanas.Ventana_ventas$1</class>
  <method>stateChanged</method>
  <thread>17</thread>
  <message>Tab: Ordenadores</message>
</record>
<record>
  <date>2019-11-20T10:29:18.189063200Z</date>
  <millis>1574245758189</millis>
  <nanos>63200</nanos>
  <sequence>8</sequence>
  <logger>ventanas.Ventana_ventas</logger>
  <level>INFO</level>
  <class>ventanas.Ventana_ventas$1</class>
  <method>stateChanged</method>
  <thread>17</thread>
  <message>Tab: Moviles</message>
</record>
</log>
